<?xml version="1.0" encoding="UTF-8"?>
<testsuites name="google recherche" time="0.329" tests="0" failures="0" errors="0">
   <testsuite name="google recherche" tests="0" failures="0" errors="0" time="0.329" skipped="0" timestamp="2023-06-13 10:27:01" hostname="hamoudadev - hamouda" id="Test Suites/google recherche">
      <properties>
         <property name="deviceName" value=""/>
         <property name="devicePlatform" value=""/>
         <property name="logFolder" value="/home/hamoudadev/git/katalon/Reports/20230613_102658/google recherche/20230613_102659"/>
         <property name="logFiles" value="/home/hamoudadev/git/katalon/Reports/20230613_102658/google recherche/20230613_102659/execution0.log"/>
         <property name="attachments" value=""/>
         <property name="hostName" value="hamoudadev - hamouda"/>
         <property name="hostAddress" value="127.0.1.1"/>
         <property name="os" value="Linux 64bit"/>
         <property name="katalonVersion" value="8.6.5.208"/>
      </properties>
      <system-out><![CDATA[2023-06-13 10:27:01 - [TEST_SUITE][PASSED] - google recherche: null]]></system-out>
      <system-err><![CDATA[]]></system-err>
   </testsuite>
</testsuites>
